Arguments: 
  E:\Program Files\nodejs\node.exe C:\Users\lrd\AppData\Roaming\npm\node_modules\yarn\bin\yarn.js install

PATH: 
  D:\Program Files\Java\jdk1.8.0_152\bin;C:\ProgramData\Oracle\Java\javapath;C:\WINDOWS\system32;C:\WINDOWS;C:\WINDOWS\System32\Wbem;C:\WINDOWS\System32\WindowsPowerShell\v1.0\;C:\WINDOWS\System32\OpenSSH\;"D:\Program Files\Java\jdk1.8.0_152\bin;D:\Program Files\Java\jdk1.8.0_152\jre\bin";D:\apacheTools\apache-maven-3.6.3\bin;D:\mysql\mysql-5.7.31\bin;D:\rabbitmq\ela\erl7.1\bin;D:\dev\Git\cmd;D:\devSoft\TortoiseGit\bin;C:\Program Files (x86)\Microsoft SQL Server\150\DTS\Binn\;C:\Program Files\Microsoft SQL Server\150\DTS\Binn\;C:\Program Files\Microsoft SQL Server\Client SDK\ODBC\170\Tools\Binn\;C:\Program Files (x86)\Microsoft SQL Server\150\Tools\Binn\;C:\Program Files\Microsoft SQL Server\150\Tools\Binn\;D:\Program Files\flutter_windows_2.2.1-stable\flutter\bin;;D:\Program Files\Dart\dart-sdk\bin;C:\Program Files (x86)\NetSarang\Xshell 7\;E:\Program Files\nodejs\;C:\Users\lrd\AppData\Local\Programs\Python\Python38\Scripts\;C:\Users\lrd\AppData\Local\Programs\Python\Python38\;D:\Program Files\android-sdk_r24.4.1-windows\android-sdk-windows\tools;D:\Program Files\android-sdk_r24.4.1-windows\android-sdk-windows\platform-tools;D:\Program Files\Microsoft VS Code\bin;C:\Users\lrd\AppData\Local\Microsoft\WindowsApps;C:\Users\lrd\AppData\Roaming\npm

Yarn version: 
  1.22.19

Node version: 
  14.17.3

Platform: 
  win32 x64

Trace: 
  SyntaxError: E:\mineFile\common-component-vue3\package.json: Unexpected token } in JSON at position 585
      at JSON.parse (<anonymous>)
      at C:\Users\lrd\AppData\Roaming\npm\node_modules\yarn\lib\cli.js:1629:59
      at Generator.next (<anonymous>)
      at step (C:\Users\lrd\AppData\Roaming\npm\node_modules\yarn\lib\cli.js:310:30)
      at C:\Users\lrd\AppData\Roaming\npm\node_modules\yarn\lib\cli.js:321:13

npm manifest: 
  {
    "name": "core",
    "version": "0.0.0",
    "scripts": {
      "dev": "vite",
      "build": "vite build",
      "preview": "vite preview"
    },
    "dependencies": {
      "@easydarwin/easyplayer": "^4.1.4",
      "ant-design-vue": "^3.2.10",
      "axios": "^0.25.0",
      "echarts": "^5.3.3",
      "element-plus": "^1.1.0-beta.8",
      "html2canvas": "^1.4.1",
      "imports-loader": "^0.8.0",
      "mitt": "^2.1.0",
      "moment": "^2.29.1",
      "monaco-editor": "^0.19.0",
      "vue": "^3.2.25",
      "vue-echarts": "^6.2.2",
      "vue-router": "^4.0.12",
      "vuex": "4.0.2",
      "three": "^0.139.2",
    },
    "devDependencies": {
      "@types/node": "^17.0.17",
      "@types/nprogress": "^0.2.0",
      "@types/qs": "^6.9.6",
      "@types/quill": "^2.0.8",
      "@types/sortablejs": "^1.10.6",
      "@typescript-eslint/eslint-plugin": "^4.27.0",
      "@typescript-eslint/parser": "^4.27.0",
      "@vitejs/plugin-vue": "^2.0.0",
      "@vitejs/plugin-vue-jsx": "^1.1.7",
      "@vue/compiler-sfc": "^3.1.4",
      "@vue/eslint-config-prettier": "^6.0.0",
      "@vue/eslint-config-typescript": "^7.0.0",
      "eslint": "^7.28.0",
      "eslint-plugin-prettier": "^3.3.1",
      "eslint-plugin-vue": "^7.11.1",
      "less": "^4.1.1",
      "less-loader": "^10.0.0",
      "lint-staged": "^11.0.0",
      "prettier": "^2.3.1",
      "sass": "^1.37.5",
      "sass-loader": "^12.1.0",
      "script-loader": "^0.7.2",
      "snapsvg": "^0.5.1",
      "typescript": "~4.3.3",
      "vite": "^2.7.2",
      "vite-plugin-components": "^0.13.2",
      "vite-plugin-eslint": "^1.3.0",
      "vite-plugin-html": "^2.0.7",
      "vite-plugin-monaco-editor": "^1.0.10",
      "vite-plugin-pwa": "^0.9.0",
      "vite-plugin-style-import": "^1.2.1",
      "vite-plugin-svg-icons": "^1.0.4",
      "vite-tsconfig-paths": "^3.3.13",
      "vue-tsc": "^0.2.2",
      "yorkie": "^2.0.0"
    }
  }

yarn manifest: 
  No manifest

Lockfile: 
  No lockfile
